<?xml version="1.0" encoding="UTF-8"?>
<!-- Generated by org.testng.reporters.JUnitReportReporter -->
<testsuite hostname="EPHUBUDW00F9" failures="0" tests="1" name="Assignment_upgrade" time="2.028" errors="0" timestamp="2021-08-17T11:44:55 CEST" skipped="0">
  <testcase classname="Assignment_upgrade" name="assignment" time="2.028"/>
  <system-out/>
</testsuite> <!-- Assignment_upgrade -->
